{"level":"warn","ts":"2024-01-29T00:32:23.735+0900","caller":"zone-nameservers/main.go:226","msg":"🚨Error with Input csv:Open failed: open test1.csv: no such file or directory"}
{"level":"info","ts":"2024-01-29T00:33:03.304+0900","caller":"zone-nameservers/main.go:218","msg":"./NameServer_FinderZONE\n"}
{"level":"warn","ts":"2024-01-29T00:33:13.350+0900","caller":"zone-nameservers/main.go:218","msg":"./NameServer_FinderZONE"}
{"level":"info","ts":"2024-01-29T00:39:42.169+0900","caller":"zone-nameservers/main.go:241","msg":"Start find NS of URL: https://intercrypto.com"}
{"level":"info","ts":"2024-01-29T00:39:42.434+0900","caller":"zone-nameservers/main.go:337","msg":"End find NS of URL: https://intercrypto.com"}
{"level":"info","ts":"2024-01-29T00:39:42.435+0900","caller":"zone-nameservers/main.go:241","msg":"Start find NS of URL: https://download.mywebface.com"}
{"level":"info","ts":"2024-01-29T00:39:42.724+0900","caller":"zone-nameservers/main.go:337","msg":"End find NS of URL: https://download.mywebface.com"}
{"level":"info","ts":"2024-01-29T00:39:42.724+0900","caller":"zone-nameservers/main.go:241","msg":"Start find NS of URL: https://m14.xozejjt.com"}
{"level":"info","ts":"2024-01-29T00:39:43.038+0900","caller":"zone-nameservers/main.go:337","msg":"End find NS of URL: https://m14.xozejjt.com"}
{"level":"info","ts":"2024-01-29T00:42:13.943+0900","caller":"zone-nameservers/main.go:242","msg":"Start find NS of URL: https://intercrypto.com"}
{"level":"info","ts":"2024-01-29T00:42:14.214+0900","caller":"zone-nameservers/main.go:242","msg":"Start find NS of URL: https://download.mywebface.com"}
{"level":"info","ts":"2024-01-29T00:42:14.410+0900","caller":"zone-nameservers/main.go:242","msg":"Start find NS of URL: https://m14.xozejjt.com"}
{"level":"info","ts":"2024-01-29T00:42:14.565+0900","caller":"zone-nameservers/main.go:339","msg":"elapsedTime: 621.74663ms"}
{"level":"info","ts":"2024-01-29T00:45:23.857+0900","caller":"NameServer_Finder/main.go:241","msg":"Start find NS of test.csv"}
{"level":"info","ts":"2024-01-29T00:45:24.745+0900","caller":"NameServer_Finder/main.go:339","msg":"elapsedTime: 888.572124ms"}
{"level":"info","ts":"2024-01-29T00:50:30.074+0900","caller":"NameServer_Finder/main.go:241","msg":"Start find NS of test.csv"}
{"level":"info","ts":"2024-01-29T00:50:30.675+0900","caller":"NameServer_Finder/main.go:339","msg":"3elapsedTime: 600.099422ms"}
{"level":"info","ts":"2024-01-29T00:51:15.211+0900","caller":"NameServer_Finder/main.go:241","msg":"Start find NS of test.csv"}
{"level":"warn","ts":"2024-01-29T00:51:20.859+0900","caller":"NameServer_Finder/main.go:274","msg":"🚨Query failed: localQuery failed: localc Exchange failed: read udp 172.28.165.148:44789->192.41.162.30:53: i/o timeout"}
{"level":"info","ts":"2024-01-29T00:51:21.152+0900","caller":"NameServer_Finder/main.go:339","msg":"elapsedTime for 3 URLs :5.940512869s"}
{"level":"info","ts":"2024-01-29T00:53:39.989+0900","caller":"NameServer_Finder/main.go:241","msg":"Start find NS of test.csv"}
{"level":"info","ts":"2024-01-29T00:53:40.575+0900","caller":"NameServer_Finder/main.go:339","msg":"elapsed time for 3 URLs :586.522432ms"}
{"level":"info","ts":"2024-01-29T00:56:05.946+0900","caller":"NameServer_Finder/main.go:241","msg":"Start find NS of test.csv"}
{"level":"info","ts":"2024-01-29T00:56:06.736+0900","caller":"NameServer_Finder/main.go:339","msg":"elapsed time for 3 URLs :790.123796ms"}
{"level":"info","ts":"2024-01-29T00:56:19.464+0900","caller":"NameServer_Finder/main.go:241","msg":"Start find NS of test.csv"}
{"level":"info","ts":"2024-01-29T00:56:20.182+0900","caller":"NameServer_Finder/main.go:340","msg":"elapsed time for 3 URLs :"}
{"level":"info","ts":"2024-01-29T00:57:30.966+0900","caller":"NameServer_Finder/main.go:241","msg":"Start find NS of test.csv"}
{"level":"info","ts":"2024-01-29T00:57:31.855+0900","caller":"NameServer_Finder/main.go:341","msg":"elapsed time for 3 URLs :0.89 초"}
{"level":"warn","ts":"2024-01-30T09:46:24.090+0900","caller":"NameServer_Finder/main.go:218","msg":"./NameServer_FinderZONE"}
{"level":"info","ts":"2024-01-30T09:46:30.557+0900","caller":"NameServer_Finder/main.go:241","msg":"Start find NS of test.csv"}
{"level":"info","ts":"2024-01-30T09:46:32.822+0900","caller":"NameServer_Finder/main.go:341","msg":"elapsed time for 3 URLs :2.26 sec"}
{"level":"warn","ts":"2024-01-30T09:49:23.331+0900","caller":"src/main.go:218","msg":"🤔./mainZONE"}
{"level":"warn","ts":"2024-01-30T09:49:34.762+0900","caller":"src/main.go:226","msg":"🚨Error with Input csv:Open failed: open constants/test.txt: no such file or directory"}
{"level":"info","ts":"2024-01-30T09:49:34.844+0900","caller":"src/main.go:241","msg":"🚀Start find NS of test.txt"}
{"level":"info","ts":"2024-01-30T09:49:34.844+0900","caller":"src/main.go:341","msg":"🚀elapsed time for 0 URLs :0.00 sec"}
{"level":"warn","ts":"2024-01-30T09:49:46.160+0900","caller":"src/main.go:226","msg":"🚨Error with Input csv:Open failed: open constants/test.txt: no such file or directory"}
{"level":"info","ts":"2024-01-30T09:49:46.167+0900","caller":"src/main.go:241","msg":"🚀Start find NS of test.txt"}
{"level":"info","ts":"2024-01-30T09:49:46.167+0900","caller":"src/main.go:341","msg":"🚀elapsed time for 0 URLs :0.00 sec"}
{"level":"info","ts":"2024-01-30T09:50:03.541+0900","caller":"src/main.go:241","msg":"🚀Start find NS of test.csv"}
{"level":"info","ts":"2024-01-30T09:50:05.612+0900","caller":"src/main.go:341","msg":"🚀elapsed time for 3 URLs :2.07 sec"}
